<?xml version="1.0" encoding="UTF-8"?>
<!-- Generated by org.testng.reporters.JUnitReportReporter -->
<testsuite hostname="schikkajala-z01" failures="0" tests="1" name="tests.FirstTest" time="1.457" errors="0" timestamp="2022-06-25T14:40:18 IST" skipped="0">
  <testcase classname="tests.FirstTest" name="test1" time="1.457"/>
  <system-out/>
</testsuite> <!-- tests.FirstTest -->
